INFO:     Started server process [16489]
INFO:     Waiting for application startup.
/Users/amaury/Desktop/Match-Prediction-App/Match-Prediction-App/FastAPI_ML/venv/lib/python3.13/site-packages/sklearn/base.py:442: InconsistentVersionWarning: Trying to unpickle estimator StandardScaler from version 1.5.2 when using version 1.7.2. This might lead to breaking code or invalid results. Use at your own risk. For more info please refer to:
https://scikit-learn.org/stable/model_persistence.html#security-maintainability-limitations
  warnings.warn(
/Users/amaury/Desktop/Match-Prediction-App/Match-Prediction-App/FastAPI_ML/venv/lib/python3.13/site-packages/sklearn/base.py:442: InconsistentVersionWarning: Trying to unpickle estimator OneHotEncoder from version 1.5.2 when using version 1.7.2. This might lead to breaking code or invalid results. Use at your own risk. For more info please refer to:
https://scikit-learn.org/stable/model_persistence.html#security-maintainability-limitations
  warnings.warn(
/Users/amaury/Desktop/Match-Prediction-App/Match-Prediction-App/FastAPI_ML/venv/lib/python3.13/site-packages/sklearn/base.py:442: InconsistentVersionWarning: Trying to unpickle estimator ColumnTransformer from version 1.5.2 when using version 1.7.2. This might lead to breaking code or invalid results. Use at your own risk. For more info please refer to:
https://scikit-learn.org/stable/model_persistence.html#security-maintainability-limitations
  warnings.warn(
/Users/amaury/Desktop/Match-Prediction-App/Match-Prediction-App/FastAPI_ML/venv/lib/python3.13/site-packages/sklearn/base.py:442: InconsistentVersionWarning: Trying to unpickle estimator DecisionTreeClassifier from version 1.5.2 when using version 1.7.2. This might lead to breaking code or invalid results. Use at your own risk. For more info please refer to:
https://scikit-learn.org/stable/model_persistence.html#security-maintainability-limitations
  warnings.warn(
/Users/amaury/Desktop/Match-Prediction-App/Match-Prediction-App/FastAPI_ML/venv/lib/python3.13/site-packages/sklearn/base.py:442: InconsistentVersionWarning: Trying to unpickle estimator RandomForestClassifier from version 1.5.2 when using version 1.7.2. This might lead to breaking code or invalid results. Use at your own risk. For more info please refer to:
https://scikit-learn.org/stable/model_persistence.html#security-maintainability-limitations
  warnings.warn(
/Users/amaury/Desktop/Match-Prediction-App/Match-Prediction-App/FastAPI_ML/venv/lib/python3.13/site-packages/sklearn/base.py:442: InconsistentVersionWarning: Trying to unpickle estimator Pipeline from version 1.5.2 when using version 1.7.2. This might lead to breaking code or invalid results. Use at your own risk. For more info please refer to:
https://scikit-learn.org/stable/model_persistence.html#security-maintainability-limitations
  warnings.warn(
INFO:     Application startup complete.
ERROR:    [Errno 48] error while attempting to bind on address ('127.0.0.1', 8001): [errno 48] address already in use
INFO:     Waiting for application shutdown.
INFO:     Application shutdown complete.
Avertissement — modèle non chargé : Can't get attribute '_RemainderColsList' on <module 'sklearn.compose._column_transformer' from '/Users/amaury/Desktop/Match-Prediction-App/Match-Prediction-App/FastAPI_ML/venv/lib/python3.13/site-packages/sklearn/compose/_column_transformer.py'>
